<?xml version="1.0" encoding="UTF-8"?>
<testsuite xmlns:xsi="http://www.w3.org/2001/XMLSchema-instance" xsi:noNamespaceSchemaLocation="https://maven.apache.org/surefire/maven-surefire-plugin/xsd/surefire-test-report.xsd" name="runners.MyRunner" time="28.898" tests="1" errors="0" skipped="0" failures="0">
  <properties>
    <property name="gopherProxySet" value="false"/>
    <property name="awt.toolkit" value="sun.lwawt.macosx.LWCToolkit"/>
    <property name="file.encoding.pkg" value="sun.io"/>
    <property name="java.specification.version" value="1.8"/>
    <property name="sun.cpu.isalist" value=""/>
    <property name="sun.jnu.encoding" value="UTF-8"/>
    <property name="java.class.path" value="/Users/surajgurung/Documents/java/eclipseWorkSpace/sujProject1300/target/test-classes:/Users/surajgurung/Documents/java/eclipseWorkSpace/sujProject1300/target/classes:/Users/surajgurung/.m2/repository/io/github/bonigarcia/webdrivermanager/4.0.0/webdrivermanager-4.0.0.jar:/Users/surajgurung/.m2/repository/org/slf4j/slf4j-api/1.7.30/slf4j-api-1.7.30.jar:/Users/surajgurung/.m2/repository/commons-io/commons-io/2.6/commons-io-2.6.jar:/Users/surajgurung/.m2/repository/com/google/code/gson/gson/2.8.6/gson-2.8.6.jar:/Users/surajgurung/.m2/repository/org/apache/commons/commons-lang3/3.10/commons-lang3-3.10.jar:/Users/surajgurung/.m2/repository/org/apache/httpcomponents/client5/httpclient5/5.0/httpclient5-5.0.jar:/Users/surajgurung/.m2/repository/org/apache/httpcomponents/core5/httpcore5/5.0/httpcore5-5.0.jar:/Users/surajgurung/.m2/repository/org/apache/httpcomponents/core5/httpcore5-h2/5.0/httpcore5-h2-5.0.jar:/Users/surajgurung/.m2/repository/commons-codec/commons-codec/1.13/commons-codec-1.13.jar:/Users/surajgurung/.m2/repository/org/rauschig/jarchivelib/1.0.0/jarchivelib-1.0.0.jar:/Users/surajgurung/.m2/repository/org/apache/commons/commons-compress/1.18/commons-compress-1.18.jar:/Users/surajgurung/.m2/repository/org/jsoup/jsoup/1.13.1/jsoup-1.13.1.jar:/Users/surajgurung/.m2/repository/org/seleniumhq/selenium/selenium-chrome-driver/3.141.59/selenium-chrome-driver-3.141.59.jar:/Users/surajgurung/.m2/repository/org/seleniumhq/selenium/selenium-remote-driver/3.141.59/selenium-remote-driver-3.141.59.jar:/Users/surajgurung/.m2/repository/net/bytebuddy/byte-buddy/1.8.15/byte-buddy-1.8.15.jar:/Users/surajgurung/.m2/repository/org/apache/commons/commons-exec/1.3/commons-exec-1.3.jar:/Users/surajgurung/.m2/repository/com/google/guava/guava/25.0-jre/guava-25.0-jre.jar:/Users/surajgurung/.m2/repository/com/google/code/findbugs/jsr305/1.3.9/jsr305-1.3.9.jar:/Users/surajgurung/.m2/repository/org/checkerframework/checker-compat-qual/2.0.0/checker-compat-qual-2.0.0.jar:/Users/surajgurung/.m2/repository/com/google/errorprone/error_prone_annotations/2.1.3/error_prone_annotations-2.1.3.jar:/Users/surajgurung/.m2/repository/com/google/j2objc/j2objc-annotations/1.1/j2objc-annotations-1.1.jar:/Users/surajgurung/.m2/repository/org/codehaus/mojo/animal-sniffer-annotations/1.14/animal-sniffer-annotations-1.14.jar:/Users/surajgurung/.m2/repository/com/squareup/okhttp3/okhttp/3.11.0/okhttp-3.11.0.jar:/Users/surajgurung/.m2/repository/com/squareup/okio/okio/1.14.0/okio-1.14.0.jar:/Users/surajgurung/.m2/repository/org/seleniumhq/selenium/selenium-java/3.141.59/selenium-java-3.141.59.jar:/Users/surajgurung/.m2/repository/org/seleniumhq/selenium/selenium-edge-driver/3.141.59/selenium-edge-driver-3.141.59.jar:/Users/surajgurung/.m2/repository/org/seleniumhq/selenium/selenium-firefox-driver/3.141.59/selenium-firefox-driver-3.141.59.jar:/Users/surajgurung/.m2/repository/org/seleniumhq/selenium/selenium-ie-driver/3.141.59/selenium-ie-driver-3.141.59.jar:/Users/surajgurung/.m2/repository/org/seleniumhq/selenium/selenium-opera-driver/3.141.59/selenium-opera-driver-3.141.59.jar:/Users/surajgurung/.m2/repository/org/seleniumhq/selenium/selenium-safari-driver/3.141.59/selenium-safari-driver-3.141.59.jar:/Users/surajgurung/.m2/repository/org/seleniumhq/selenium/selenium-support/3.141.59/selenium-support-3.141.59.jar:/Users/surajgurung/.m2/repository/org/seleniumhq/selenium/selenium-api/3.141.59/selenium-api-3.141.59.jar:/Users/surajgurung/.m2/repository/io/cucumber/cucumber-java/5.7.0/cucumber-java-5.7.0.jar:/Users/surajgurung/.m2/repository/org/apiguardian/apiguardian-api/1.1.0/apiguardian-api-1.1.0.jar:/Users/surajgurung/.m2/repository/io/cucumber/cucumber-core/5.7.0/cucumber-core-5.7.0.jar:/Users/surajgurung/.m2/repository/io/cucumber/cucumber-gherkin/5.7.0/cucumber-gherkin-5.7.0.jar:/Users/surajgurung/.m2/repository/io/cucumber/cucumber-gherkin-vintage/5.7.0/cucumber-gherkin-vintage-5.7.0.jar:/Users/surajgurung/.m2/repository/io/cucumber/tag-expressions/2.0.4/tag-expressions-2.0.4.jar:/Users/surajgurung/.m2/repository/io/cucumber/cucumber-expressions/8.3.1/cucumber-expressions-8.3.1.jar:/Users/surajgurung/.m2/repository/io/cucumber/datatable/3.3.1/datatable-3.3.1.jar:/Users/surajgurung/.m2/repository/io/cucumber/cucumber-plugin/5.7.0/cucumber-plugin-5.7.0.jar:/Users/surajgurung/.m2/repository/io/cucumber/docstring/5.7.0/docstring-5.7.0.jar:/Users/surajgurung/.m2/repository/io/cucumber/gherkin/13.0.0/gherkin-13.0.0.jar:/Users/surajgurung/.m2/repository/io/cucumber/messages/12.0.0/messages-12.0.0.jar:/Users/surajgurung/.m2/repository/io/cucumber/cucumber-java8/5.7.0/cucumber-java8-5.7.0.jar:/Users/surajgurung/.m2/repository/net/jodah/typetools/0.6.2/typetools-0.6.2.jar:/Users/surajgurung/.m2/repository/io/cucumber/cucumber-testng/5.7.0/cucumber-testng-5.7.0.jar:/Users/surajgurung/.m2/repository/org/testng/testng/7.1.0/testng-7.1.0.jar:/Users/surajgurung/.m2/repository/com/beust/jcommander/1.72/jcommander-1.72.jar:/Users/surajgurung/.m2/repository/com/google/inject/guice/4.1.0/guice-4.1.0-no_aop.jar:/Users/surajgurung/.m2/repository/javax/inject/javax.inject/1/javax.inject-1.jar:/Users/surajgurung/.m2/repository/aopalliance/aopalliance/1.0/aopalliance-1.0.jar:/Users/surajgurung/.m2/repository/org/yaml/snakeyaml/1.21/snakeyaml-1.21.jar:/Users/surajgurung/.m2/repository/net/masterthought/cucumber-reporting/5.3.0/cucumber-reporting-5.3.0.jar:/Users/surajgurung/.m2/repository/com/fasterxml/jackson/core/jackson-databind/2.10.1/jackson-databind-2.10.1.jar:/Users/surajgurung/.m2/repository/com/fasterxml/jackson/core/jackson-annotations/2.10.1/jackson-annotations-2.10.1.jar:/Users/surajgurung/.m2/repository/com/fasterxml/jackson/core/jackson-core/2.10.1/jackson-core-2.10.1.jar:/Users/surajgurung/.m2/repository/com/fasterxml/jackson/datatype/jackson-datatype-jsr310/2.10.1/jackson-datatype-jsr310-2.10.1.jar:/Users/surajgurung/.m2/repository/org/apache/velocity/velocity-engine-core/2.1/velocity-engine-core-2.1.jar:/Users/surajgurung/.m2/repository/commons-collections/commons-collections/3.2.2/commons-collections-3.2.2.jar:/Users/surajgurung/.m2/repository/joda-time/joda-time/2.10.5/joda-time-2.10.5.jar:/Users/surajgurung/.m2/repository/org/codehaus/plexus/plexus-utils/3.3.0/plexus-utils-3.3.0.jar:/Users/surajgurung/.m2/repository/com/googlecode/owasp-java-html-sanitizer/owasp-java-html-sanitizer/20191001.1/owasp-java-html-sanitizer-20191001.1.jar:/Users/surajgurung/.m2/repository/commons-configuration/commons-configuration/1.10/commons-configuration-1.10.jar:/Users/surajgurung/.m2/repository/commons-lang/commons-lang/2.6/commons-lang-2.6.jar:/Users/surajgurung/.m2/repository/commons-logging/commons-logging/1.1.1/commons-logging-1.1.1.jar:/Users/surajgurung/.m2/repository/io/cucumber/gherkin-jvm-deps/1.0.6/gherkin-jvm-deps-1.0.6.jar:/Users/surajgurung/.m2/repository/io/cucumber/cucumber-guice/5.7.0/cucumber-guice-5.7.0.jar:"/>
    <property name="java.vm.vendor" value="Oracle Corporation"/>
    <property name="sun.arch.data.model" value="64"/>
    <property name="java.vendor.url" value="http://java.oracle.com/"/>
    <property name="user.timezone" value=""/>
    <property name="java.vm.specification.version" value="1.8"/>
    <property name="os.name" value="Mac OS X"/>
    <property name="user.country" value="US"/>
    <property name="sun.java.launcher" value="SUN_STANDARD"/>
    <property name="sun.boot.library.path" value="/Library/Java/JavaVirtualMachines/jdk1.8.0_212.jdk/Contents/Home/jre/lib"/>
    <property name="sun.java.command" value="/Users/surajgurung/Documents/java/eclipseWorkSpace/sujProject1300/target/surefire/surefirebooter2810574226778287482.jar /Users/surajgurung/Documents/java/eclipseWorkSpace/sujProject1300/target/surefire 2020-05-20T16-38-56_109-jvmRun1 surefire4845385103694248049tmp surefire_03088074902031005191tmp"/>
    <property name="http.nonProxyHosts" value="local|*.local|169.254/16|*.169.254/16"/>
    <property name="surefire.test.class.path" value="/Users/surajgurung/Documents/java/eclipseWorkSpace/sujProject1300/target/test-classes:/Users/surajgurung/Documents/java/eclipseWorkSpace/sujProject1300/target/classes:/Users/surajgurung/.m2/repository/io/github/bonigarcia/webdrivermanager/4.0.0/webdrivermanager-4.0.0.jar:/Users/surajgurung/.m2/repository/org/slf4j/slf4j-api/1.7.30/slf4j-api-1.7.30.jar:/Users/surajgurung/.m2/repository/commons-io/commons-io/2.6/commons-io-2.6.jar:/Users/surajgurung/.m2/repository/com/google/code/gson/gson/2.8.6/gson-2.8.6.jar:/Users/surajgurung/.m2/repository/org/apache/commons/commons-lang3/3.10/commons-lang3-3.10.jar:/Users/surajgurung/.m2/repository/org/apache/httpcomponents/client5/httpclient5/5.0/httpclient5-5.0.jar:/Users/surajgurung/.m2/repository/org/apache/httpcomponents/core5/httpcore5/5.0/httpcore5-5.0.jar:/Users/surajgurung/.m2/repository/org/apache/httpcomponents/core5/httpcore5-h2/5.0/httpcore5-h2-5.0.jar:/Users/surajgurung/.m2/repository/commons-codec/commons-codec/1.13/commons-codec-1.13.jar:/Users/surajgurung/.m2/repository/org/rauschig/jarchivelib/1.0.0/jarchivelib-1.0.0.jar:/Users/surajgurung/.m2/repository/org/apache/commons/commons-compress/1.18/commons-compress-1.18.jar:/Users/surajgurung/.m2/repository/org/jsoup/jsoup/1.13.1/jsoup-1.13.1.jar:/Users/surajgurung/.m2/repository/org/seleniumhq/selenium/selenium-chrome-driver/3.141.59/selenium-chrome-driver-3.141.59.jar:/Users/surajgurung/.m2/repository/org/seleniumhq/selenium/selenium-remote-driver/3.141.59/selenium-remote-driver-3.141.59.jar:/Users/surajgurung/.m2/repository/net/bytebuddy/byte-buddy/1.8.15/byte-buddy-1.8.15.jar:/Users/surajgurung/.m2/repository/org/apache/commons/commons-exec/1.3/commons-exec-1.3.jar:/Users/surajgurung/.m2/repository/com/google/guava/guava/25.0-jre/guava-25.0-jre.jar:/Users/surajgurung/.m2/repository/com/google/code/findbugs/jsr305/1.3.9/jsr305-1.3.9.jar:/Users/surajgurung/.m2/repository/org/checkerframework/checker-compat-qual/2.0.0/checker-compat-qual-2.0.0.jar:/Users/surajgurung/.m2/repository/com/google/errorprone/error_prone_annotations/2.1.3/error_prone_annotations-2.1.3.jar:/Users/surajgurung/.m2/repository/com/google/j2objc/j2objc-annotations/1.1/j2objc-annotations-1.1.jar:/Users/surajgurung/.m2/repository/org/codehaus/mojo/animal-sniffer-annotations/1.14/animal-sniffer-annotations-1.14.jar:/Users/surajgurung/.m2/repository/com/squareup/okhttp3/okhttp/3.11.0/okhttp-3.11.0.jar:/Users/surajgurung/.m2/repository/com/squareup/okio/okio/1.14.0/okio-1.14.0.jar:/Users/surajgurung/.m2/repository/org/seleniumhq/selenium/selenium-java/3.141.59/selenium-java-3.141.59.jar:/Users/surajgurung/.m2/repository/org/seleniumhq/selenium/selenium-edge-driver/3.141.59/selenium-edge-driver-3.141.59.jar:/Users/surajgurung/.m2/repository/org/seleniumhq/selenium/selenium-firefox-driver/3.141.59/selenium-firefox-driver-3.141.59.jar:/Users/surajgurung/.m2/repository/org/seleniumhq/selenium/selenium-ie-driver/3.141.59/selenium-ie-driver-3.141.59.jar:/Users/surajgurung/.m2/repository/org/seleniumhq/selenium/selenium-opera-driver/3.141.59/selenium-opera-driver-3.141.59.jar:/Users/surajgurung/.m2/repository/org/seleniumhq/selenium/selenium-safari-driver/3.141.59/selenium-safari-driver-3.141.59.jar:/Users/surajgurung/.m2/repository/org/seleniumhq/selenium/selenium-support/3.141.59/selenium-support-3.141.59.jar:/Users/surajgurung/.m2/repository/org/seleniumhq/selenium/selenium-api/3.141.59/selenium-api-3.141.59.jar:/Users/surajgurung/.m2/repository/io/cucumber/cucumber-java/5.7.0/cucumber-java-5.7.0.jar:/Users/surajgurung/.m2/repository/org/apiguardian/apiguardian-api/1.1.0/apiguardian-api-1.1.0.jar:/Users/surajgurung/.m2/repository/io/cucumber/cucumber-core/5.7.0/cucumber-core-5.7.0.jar:/Users/surajgurung/.m2/repository/io/cucumber/cucumber-gherkin/5.7.0/cucumber-gherkin-5.7.0.jar:/Users/surajgurung/.m2/repository/io/cucumber/cucumber-gherkin-vintage/5.7.0/cucumber-gherkin-vintage-5.7.0.jar:/Users/surajgurung/.m2/repository/io/cucumber/tag-expressions/2.0.4/tag-expressions-2.0.4.jar:/Users/surajgurung/.m2/repository/io/cucumber/cucumber-expressions/8.3.1/cucumber-expressions-8.3.1.jar:/Users/surajgurung/.m2/repository/io/cucumber/datatable/3.3.1/datatable-3.3.1.jar:/Users/surajgurung/.m2/repository/io/cucumber/cucumber-plugin/5.7.0/cucumber-plugin-5.7.0.jar:/Users/surajgurung/.m2/repository/io/cucumber/docstring/5.7.0/docstring-5.7.0.jar:/Users/surajgurung/.m2/repository/io/cucumber/gherkin/13.0.0/gherkin-13.0.0.jar:/Users/surajgurung/.m2/repository/io/cucumber/messages/12.0.0/messages-12.0.0.jar:/Users/surajgurung/.m2/repository/io/cucumber/cucumber-java8/5.7.0/cucumber-java8-5.7.0.jar:/Users/surajgurung/.m2/repository/net/jodah/typetools/0.6.2/typetools-0.6.2.jar:/Users/surajgurung/.m2/repository/io/cucumber/cucumber-testng/5.7.0/cucumber-testng-5.7.0.jar:/Users/surajgurung/.m2/repository/org/testng/testng/7.1.0/testng-7.1.0.jar:/Users/surajgurung/.m2/repository/com/beust/jcommander/1.72/jcommander-1.72.jar:/Users/surajgurung/.m2/repository/com/google/inject/guice/4.1.0/guice-4.1.0-no_aop.jar:/Users/surajgurung/.m2/repository/javax/inject/javax.inject/1/javax.inject-1.jar:/Users/surajgurung/.m2/repository/aopalliance/aopalliance/1.0/aopalliance-1.0.jar:/Users/surajgurung/.m2/repository/org/yaml/snakeyaml/1.21/snakeyaml-1.21.jar:/Users/surajgurung/.m2/repository/net/masterthought/cucumber-reporting/5.3.0/cucumber-reporting-5.3.0.jar:/Users/surajgurung/.m2/repository/com/fasterxml/jackson/core/jackson-databind/2.10.1/jackson-databind-2.10.1.jar:/Users/surajgurung/.m2/repository/com/fasterxml/jackson/core/jackson-annotations/2.10.1/jackson-annotations-2.10.1.jar:/Users/surajgurung/.m2/repository/com/fasterxml/jackson/core/jackson-core/2.10.1/jackson-core-2.10.1.jar:/Users/surajgurung/.m2/repository/com/fasterxml/jackson/datatype/jackson-datatype-jsr310/2.10.1/jackson-datatype-jsr310-2.10.1.jar:/Users/surajgurung/.m2/repository/org/apache/velocity/velocity-engine-core/2.1/velocity-engine-core-2.1.jar:/Users/surajgurung/.m2/repository/commons-collections/commons-collections/3.2.2/commons-collections-3.2.2.jar:/Users/surajgurung/.m2/repository/joda-time/joda-time/2.10.5/joda-time-2.10.5.jar:/Users/surajgurung/.m2/repository/org/codehaus/plexus/plexus-utils/3.3.0/plexus-utils-3.3.0.jar:/Users/surajgurung/.m2/repository/com/googlecode/owasp-java-html-sanitizer/owasp-java-html-sanitizer/20191001.1/owasp-java-html-sanitizer-20191001.1.jar:/Users/surajgurung/.m2/repository/commons-configuration/commons-configuration/1.10/commons-configuration-1.10.jar:/Users/surajgurung/.m2/repository/commons-lang/commons-lang/2.6/commons-lang-2.6.jar:/Users/surajgurung/.m2/repository/commons-logging/commons-logging/1.1.1/commons-logging-1.1.1.jar:/Users/surajgurung/.m2/repository/io/cucumber/gherkin-jvm-deps/1.0.6/gherkin-jvm-deps-1.0.6.jar:/Users/surajgurung/.m2/repository/io/cucumber/cucumber-guice/5.7.0/cucumber-guice-5.7.0.jar:"/>
    <property name="sun.cpu.endian" value="little"/>
    <property name="user.home" value="/Users/surajgurung"/>
    <property name="user.language" value="en"/>
    <property name="java.specification.vendor" value="Oracle Corporation"/>
    <property name="java.home" value="/Library/Java/JavaVirtualMachines/jdk1.8.0_212.jdk/Contents/Home/jre"/>
    <property name="basedir" value="/Users/surajgurung/Documents/java/eclipseWorkSpace/sujProject1300"/>
    <property name="file.separator" value="/"/>
    <property name="line.separator" value="&#10;"/>
    <property name="java.vm.specification.vendor" value="Oracle Corporation"/>
    <property name="java.specification.name" value="Java Platform API Specification"/>
    <property name="java.awt.graphicsenv" value="sun.awt.CGraphicsEnvironment"/>
    <property name="surefire.real.class.path" value="/Users/surajgurung/Documents/java/eclipseWorkSpace/sujProject1300/target/surefire/surefirebooter2810574226778287482.jar"/>
    <property name="sun.boot.class.path" value="/Library/Java/JavaVirtualMachines/jdk1.8.0_212.jdk/Contents/Home/jre/lib/resources.jar:/Library/Java/JavaVirtualMachines/jdk1.8.0_212.jdk/Contents/Home/jre/lib/rt.jar:/Library/Java/JavaVirtualMachines/jdk1.8.0_212.jdk/Contents/Home/jre/lib/sunrsasign.jar:/Library/Java/JavaVirtualMachines/jdk1.8.0_212.jdk/Contents/Home/jre/lib/jsse.jar:/Library/Java/JavaVirtualMachines/jdk1.8.0_212.jdk/Contents/Home/jre/lib/jce.jar:/Library/Java/JavaVirtualMachines/jdk1.8.0_212.jdk/Contents/Home/jre/lib/charsets.jar:/Library/Java/JavaVirtualMachines/jdk1.8.0_212.jdk/Contents/Home/jre/lib/jfr.jar:/Library/Java/JavaVirtualMachines/jdk1.8.0_212.jdk/Contents/Home/jre/classes"/>
    <property name="sun.management.compiler" value="HotSpot 64-Bit Tiered Compilers"/>
    <property name="ftp.nonProxyHosts" value="local|*.local|169.254/16|*.169.254/16"/>
    <property name="java.runtime.version" value="1.8.0_212-b10"/>
    <property name="user.name" value="surajgurung"/>
    <property name="path.separator" value=":"/>
    <property name="os.version" value="10.15.4"/>
    <property name="java.endorsed.dirs" value="/Library/Java/JavaVirtualMachines/jdk1.8.0_212.jdk/Contents/Home/jre/lib/endorsed"/>
    <property name="java.runtime.name" value="Java(TM) SE Runtime Environment"/>
    <property name="file.encoding" value="UTF-8"/>
    <property name="java.vm.name" value="Java HotSpot(TM) 64-Bit Server VM"/>
    <property name="localRepository" value="/Users/surajgurung/.m2/repository"/>
    <property name="java.vendor.url.bug" value="http://bugreport.sun.com/bugreport/"/>
    <property name="java.io.tmpdir" value="/var/folders/dm/5167b8zd2pd5j7x4p57zwxyr0000gp/T/"/>
    <property name="java.version" value="1.8.0_212"/>
    <property name="user.dir" value="/Users/surajgurung/Documents/java/eclipseWorkSpace/sujProject1300"/>
    <property name="os.arch" value="x86_64"/>
    <property name="java.vm.specification.name" value="Java Virtual Machine Specification"/>
    <property name="java.awt.printerjob" value="sun.lwawt.macosx.CPrinterJob"/>
    <property name="sun.os.patch.level" value="unknown"/>
    <property name="java.library.path" value="/Users/surajgurung/Library/Java/Extensions:/Library/Java/Extensions:/Network/Library/Java/Extensions:/System/Library/Java/Extensions:/usr/lib/java:."/>
    <property name="java.vm.info" value="mixed mode"/>
    <property name="java.vendor" value="Oracle Corporation"/>
    <property name="java.vm.version" value="25.212-b10"/>
    <property name="java.ext.dirs" value="/Users/surajgurung/Library/Java/Extensions:/Library/Java/JavaVirtualMachines/jdk1.8.0_212.jdk/Contents/Home/jre/lib/ext:/Library/Java/Extensions:/Network/Library/Java/Extensions:/System/Library/Java/Extensions:/usr/lib/java"/>
    <property name="sun.io.unicode.encoding" value="UnicodeBig"/>
    <property name="java.class.version" value="52.0"/>
    <property name="socksNonProxyHosts" value="local|*.local|169.254/16|*.169.254/16"/>
  </properties>
  <testcase name="runScenario" classname="runners.MyRunner" time="17.807"/>
</testsuite>