<?xml version="1.0" encoding="UTF-8"?>
<!-- Generated by org.testng.reporters.JUnitReportReporter -->
<testsuite skipped="0" hostname="Laxmis-MacBook-Air.local" name="runners.MyRunner" tests="1" failures="0" timestamp="2020-05-21T17:03:42 CDT" time="12.504" errors="0">
  <testcase name="runScenario" time="12.504" classname="runners.MyRunner"/>
  <system-out/>
</testsuite> <!-- runners.MyRunner -->
