<?xml version="1.0" encoding="UTF-8"?>
<!-- Generated by org.testng.reporters.JUnitReportReporter -->
<testsuite skipped="0" hostname="Laxmis-MacBook-Air.local" name="runners.MyRunner" tests="1" failures="0" timestamp="2020-05-20T16:39:25 CDT" time="17.799" errors="0">
  <testcase name="runScenario" time="17.799" classname="runners.MyRunner"/>
  <system-out/>
</testsuite> <!-- runners.MyRunner -->
